i,j,dist
0,5,0.0000
0,6,0.0000
0,7,0.0000
0,8,0.0000
0,9,0.0000
0,10,0.0000
0,11,0.0000
0,12,0.0000
0,13,0.0021
0,14,0.0021
0,15,0.0124
0,16,0.0885
0,17,0.2622
0,18,0.4511
0,19,0.5635
0,20,0.5787
0,21,0.4689
0,22,0.2981
0,23,0.1431
0,24,0.2309
0,25,0.4330
0,26,0.6036
0,27,0.6152
0,28,0.4806
0,29,0.2464
0,30,0.1882
0,31,0.3612
0,32,0.5748
0,33,0.7021
0,34,0.6003
0,35,0.4425
0,36,0.2202
0,37,0.1206
0,38,0.2873
0,39,0.5064
0,40,0.6763
0,41,0.7240
0,42,0.6421
0,43,0.4802
0,44,0.3295
0,45,0.2156
0,46,0.1677
0,47,0.0850
0,48,0.0335
0,49,0.0444
0,50,0.0490
0,51,0.0490
0,52,0.0454
0,53,0.0455
0,54,0.0513
0,55,0.0552
0,56,0.0552
0,57,0.0552
0,58,0.0552
0,59,0.0552
0,60,0.0552
0,61,0.0552
0,62,0.0552
0,63,0.0552
0,64,0.0552
0,65,0.0552
0,66,0.0552
0,67,0.0552
0,68,0.0552
0,69,0.0552
1,6,0.0000
1,7,0.0000
1,8,0.0000
1,9,0.0000
1,10,0.0000
1,11,0.0000
1,12,0.0000
1,13,0.0021
1,14,0.0021
1,15,0.0124
1,16,0.0885
1,17,0.2622
1,18,0.4511
1,19,0.5635
1,20,0.5787
1,21,0.4689
1,22,0.2981
1,23,0.1431
1,24,0.2309
1,25,0.4330
1,26,0.6036
1,27,0.6152
1,28,0.4806
1,29,0.2464
1,30,0.1882
1,31,0.3612
1,32,0.5748
1,33,0.7021
1,34,0.6003
1,35,0.4425
1,36,0.2202
1,37,0.1206
1,38,0.2873
1,39,0.5064
1,40,0.6763
1,41,0.7240
1,42,0.6421
1,43,0.4802
1,44,0.3295
1,45,0.2156
1,46,0.1677
1,47,0.0850
1,48,0.0335
1,49,0.0444
1,50,0.0490
1,51,0.0490
1,52,0.0454
1,53,0.0455
1,54,0.0513
1,55,0.0552
1,56,0.0552
1,57,0.0552
1,58,0.0552
1,59,0.0552
1,60,0.0552
1,61,0.0552
1,62,0.0552
1,63,0.0552
1,64,0.0552
1,65,0.0552
1,66,0.0552
1,67,0.0552
1,68,0.0552
1,69,0.0552
2,7,0.0000
2,8,0.0000
2,9,0.0000
2,10,0.0000
2,11,0.0000
2,12,0.0000
2,13,0.0021
2,14,0.0021
2,15,0.0124
2,16,0.0885
2,17,0.2622
2,18,0.4511
2,19,0.5635
2,20,0.5787
2,21,0.4689
2,22,0.2981
2,23,0.1431
2,24,0.2309
2,25,0.4330
2,26,0.6036
2,27,0.6152
2,28,0.4806
2,29,0.2464
2,30,0.1882
2,31,0.3612
2,32,0.5748
2,33,0.7021
2,34,0.6003
2,35,0.4425
2,36,0.2202
2,37,0.1206
2,38,0.2873
2,39,0.5064
2,40,0.6763
2,41,0.7240
2,42,0.6421
2,43,0.4802
2,44,0.3295
2,45,0.2156
2,46,0.1677
2,47,0.0850
2,48,0.0335
2,49,0.0444
2,50,0.0490
2,51,0.0490
2,52,0.0454
2,53,0.0455
2,54,0.0513
2,55,0.0552
2,56,0.0552
2,57,0.0552
2,58,0.0552
2,59,0.0552
2,60,0.0552
2,61,0.0552
2,62,0.0552
2,63,0.0552
2,64,0.0552
2,65,0.0552
2,66,0.0552
2,67,0.0552
2,68,0.0552
2,69,0.0552
3,8,0.0000
3,9,0.0000
3,10,0.0000
3,11,0.0000
3,12,0.0000
3,13,0.0021
3,14,0.0021
3,15,0.0124
3,16,0.0885
3,17,0.2622
3,18,0.4511
3,19,0.5635
3,20,0.5787
3,21,0.4689
3,22,0.2981
3,23,0.1431
3,24,0.2309
3,25,0.4330
3,26,0.6036
3,27,0.6152
3,28,0.4806
3,29,0.2464
3,30,0.1882
3,31,0.3612
3,32,0.5748
3,33,0.7021
3,34,0.6003
3,35,0.4425
3,36,0.2202
3,37,0.1206
3,38,0.2873
3,39,0.5064
3,40,0.6763
3,41,0.7240
3,42,0.6421
3,43,0.4802
3,44,0.3295
3,45,0.2156
3,46,0.1677
3,47,0.0850
3,48,0.0335
3,49,0.0444
3,50,0.0490
3,51,0.0490
3,52,0.0454
3,53,0.0455
3,54,0.0513
3,55,0.0552
3,56,0.0552
3,57,0.0552
3,58,0.0552
3,59,0.0552
3,60,0.0552
3,61,0.0552
3,62,0.0552
3,63,0.0552
3,64,0.0552
3,65,0.0552
3,66,0.0552
3,67,0.0552
3,68,0.0552
3,69,0.0552
4,9,0.0000
4,10,0.0000
4,11,0.0000
4,12,0.0000
4,13,0.0021
4,14,0.0021
4,15,0.0124
4,16,0.0885
4,17,0.2622
4,18,0.4511
4,19,0.5635
4,20,0.5787
4,21,0.4689
4,22,0.2981
4,23,0.1431
4,24,0.2309
4,25,0.4330
4,26,0.6036
4,27,0.6152
4,28,0.4806
4,29,0.2464
4,30,0.1882
4,31,0.3612
4,32,0.5748
4,33,0.7021
4,34,0.6003
4,35,0.4425
4,36,0.2202
4,37,0.1206
4,38,0.2873
4,39,0.5064
4,40,0.6763
4,41,0.7240
4,42,0.6421
4,43,0.4802
4,44,0.3295
4,45,0.2156
4,46,0.1677
4,47,0.0850
4,48,0.0335
4,49,0.0444
4,50,0.0490
4,51,0.0490
4,52,0.0454
4,53,0.0455
4,54,0.0513
4,55,0.0552
4,56,0.0552
4,57,0.0552
4,58,0.0552
4,59,0.0552
4,60,0.0552
4,61,0.0552
4,62,0.0552
4,63,0.0552
4,64,0.0552
4,65,0.0552
4,66,0.0552
4,67,0.0552
4,68,0.0552
4,69,0.0552
5,10,0.0000
5,11,0.0000
5,12,0.0000
5,13,0.0021
5,14,0.0021
5,15,0.0124
5,16,0.0885
5,17,0.2622
5,18,0.4511
5,19,0.5635
5,20,0.5787
5,21,0.4689
5,22,0.2981
5,23,0.1431
5,24,0.2309
5,25,0.4330
5,26,0.6036
5,27,0.6152
5,28,0.4806
5,29,0.2464
5,30,0.1882
5,31,0.3612
5,32,0.5748
5,33,0.7021
5,34,0.6003
5,35,0.4425
5,36,0.2202
5,37,0.1206
5,38,0.2873
5,39,0.5064
5,40,0.6763
5,41,0.7240
5,42,0.6421
5,43,0.4802
5,44,0.3295
5,45,0.2156
5,46,0.1677
5,47,0.0850
5,48,0.0335
5,49,0.0444
5,50,0.0490
5,51,0.0490
5,52,0.0454
5,53,0.0455
5,54,0.0513
5,55,0.0552
5,56,0.0552
5,57,0.0552
5,58,0.0552
5,59,0.0552
5,60,0.0552
5,61,0.0552
5,62,0.0552
5,63,0.0552
5,64,0.0552
5,65,0.0552
5,66,0.0552
5,67,0.0552
5,68,0.0552
5,69,0.0552
6,11,0.0000
6,12,0.0000
6,13,0.0021
6,14,0.0021
6,15,0.0124
6,16,0.0885
6,17,0.2622
6,18,0.4511
6,19,0.5635
6,20,0.5787
6,21,0.4689
6,22,0.2981
6,23,0.1431
6,24,0.2309
6,25,0.4330
6,26,0.6036
6,27,0.6152
6,28,0.4806
6,29,0.2464
6,30,0.1882
6,31,0.3612
6,32,0.5748
6,33,0.7021
6,34,0.6003
6,35,0.4425
6,36,0.2202
6,37,0.1206
6,38,0.2873
6,39,0.5064
6,40,0.6763
6,41,0.7240
6,42,0.6421
6,43,0.4802
6,44,0.3295
6,45,0.2156
6,46,0.1677
6,47,0.0850
6,48,0.0335
6,49,0.0444
6,50,0.0490
6,51,0.0490
6,52,0.0454
6,53,0.0455
6,54,0.0513
6,55,0.0552
6,56,0.0552
6,57,0.0552
6,58,0.0552
6,59,0.0552
6,60,0.0552
6,61,0.0552
6,62,0.0552
6,63,0.0552
6,64,0.0552
6,65,0.0552
6,66,0.0552
6,67,0.0552
6,68,0.0552
6,69,0.0552
7,12,0.0000
7,13,0.0021
7,14,0.0021
7,15,0.0124
7,16,0.0885
7,17,0.2622
7,18,0.4511
7,19,0.5635
7,20,0.5787
7,21,0.4689
7,22,0.2981
7,23,0.1431
7,24,0.2309
7,25,0.4330
7,26,0.6036
7,27,0.6152
7,28,0.4806
7,29,0.2464
7,30,0.1882
7,31,0.3612
7,32,0.5748
7,33,0.7021
7,34,0.6003
7,35,0.4425
7,36,0.2202
7,37,0.1206
7,38,0.2873
7,39,0.5064
7,40,0.6763
7,41,0.7240
7,42,0.6421
7,43,0.4802
7,44,0.3295
7,45,0.2156
7,46,0.1677
7,47,0.0850
7,48,0.0335
7,49,0.0444
7,50,0.0490
7,51,0.0490
7,52,0.0454
7,53,0.0455
7,54,0.0513
7,55,0.0552
7,56,0.0552
7,57,0.0552
7,58,0.0552
7,59,0.0552
7,60,0.0552
7,61,0.0552
7,62,0.0552
7,63,0.0552
7,64,0.0552
7,65,0.0552
7,66,0.0552
7,67,0.0552
7,68,0.0552
7,69,0.0552
8,13,0.0021
8,14,0.0021
8,15,0.0124
8,16,0.0885
8,17,0.2622
8,18,0.4511
8,19,0.5635
8,20,0.5787
8,21,0.4689
8,22,0.2981
8,23,0.1431
8,24,0.2309
8,25,0.4330
8,26,0.6036
8,27,0.6152
8,28,0.4806
8,29,0.2464
8,30,0.1882
8,31,0.3612
8,32,0.5748
8,33,0.7021
8,34,0.6003
8,35,0.4425
8,36,0.2202
8,37,0.1206
8,38,0.2873
8,39,0.5064
8,40,0.6763
8,41,0.7240
8,42,0.6421
8,43,0.4802
8,44,0.3295
8,45,0.2156
8,46,0.1677
8,47,0.0850
8,48,0.0335
8,49,0.0444
8,50,0.0490
8,51,0.0490
8,52,0.0454
8,53,0.0455
8,54,0.0513
8,55,0.0552
8,56,0.0552
8,57,0.0552
8,58,0.0552
8,59,0.0552
8,60,0.0552
8,61,0.0552
8,62,0.0552
8,63,0.0552
8,64,0.0552
8,65,0.0552
8,66,0.0552
8,67,0.0552
8,68,0.0552
8,69,0.0552
9,14,0.0021
9,15,0.0124
9,16,0.0885
9,17,0.2622
9,18,0.4511
9,19,0.5635
9,20,0.5787
9,21,0.4689
9,22,0.2981
9,23,0.1431
9,24,0.2309
9,25,0.4330
9,26,0.6036
9,27,0.6152
9,28,0.4806
9,29,0.2464
9,30,0.1882
9,31,0.3612
9,32,0.5748
9,33,0.7021
9,34,0.6003
9,35,0.4425
9,36,0.2202
9,37,0.1206
9,38,0.2873
9,39,0.5064
9,40,0.6763
9,41,0.7240
9,42,0.6421
9,43,0.4802
9,44,0.3295
9,45,0.2156
9,46,0.1677
9,47,0.0850
9,48,0.0335
9,49,0.0444
9,50,0.0490
9,51,0.0490
9,52,0.0454
9,53,0.0455
9,54,0.0513
9,55,0.0552
9,56,0.0552
9,57,0.0552
9,58,0.0552
9,59,0.0552
9,60,0.0552
9,61,0.0552
9,62,0.0552
9,63,0.0552
9,64,0.0552
9,65,0.0552
9,66,0.0552
9,67,0.0552
9,68,0.0552
9,69,0.0552
10,15,0.0124
10,16,0.0885
10,17,0.2622
10,18,0.4511
10,19,0.5635
10,20,0.5787
10,21,0.4689
10,22,0.2981
10,23,0.1431
10,24,0.2309
10,25,0.4330
10,26,0.6036
10,27,0.6152
10,28,0.4806
10,29,0.2464
10,30,0.1882
10,31,0.3612
10,32,0.5748
10,33,0.7021
10,34,0.6003
10,35,0.4425
10,36,0.2202
10,37,0.1206
10,38,0.2873
10,39,0.5064
10,40,0.6763
10,41,0.7240
10,42,0.6421
10,43,0.4802
10,44,0.3295
10,45,0.2156
10,46,0.1677
10,47,0.0850
10,48,0.0335
10,49,0.0444
10,50,0.0490
10,51,0.0490
10,52,0.0454
10,53,0.0455
10,54,0.0513
10,55,0.0552
10,56,0.0552
10,57,0.0552
10,58,0.0552
10,59,0.0552
10,60,0.0552
10,61,0.0552
10,62,0.0552
10,63,0.0552
10,64,0.0552
10,65,0.0552
10,66,0.0552
10,67,0.0552
10,68,0.0552
10,69,0.0552
11,16,0.0885
11,17,0.2622
11,18,0.4511
11,19,0.5635
11,20,0.5787
11,21,0.4689
11,22,0.2981
11,23,0.1431
11,24,0.2309
11,25,0.4330
11,26,0.6036
11,27,0.6152
11,28,0.4806
11,29,0.2464
11,30,0.1882
11,31,0.3612
11,32,0.5748
11,33,0.7021
11,34,0.6003
11,35,0.4425
11,36,0.2202
11,37,0.1206
11,38,0.2873
11,39,0.5064
11,40,0.6763
11,41,0.7240
11,42,0.6421
11,43,0.4802
11,44,0.3295
11,45,0.2156
11,46,0.1677
11,47,0.0850
11,48,0.0335
11,49,0.0444
11,50,0.0490
11,51,0.0490
11,52,0.0454
11,53,0.0455
11,54,0.0513
11,55,0.0552
11,56,0.0552
11,57,0.0552
11,58,0.0552
11,59,0.0552
11,60,0.0552
11,61,0.0552
11,62,0.0552
11,63,0.0552
11,64,0.0552
11,65,0.0552
11,66,0.0552
11,67,0.0552
11,68,0.0552
11,69,0.0552
12,17,0.2622
12,18,0.4511
12,19,0.5635
12,20,0.5787
12,21,0.4689
12,22,0.2981
12,23,0.1431
12,24,0.2309
12,25,0.4330
12,26,0.6036
12,27,0.6152
12,28,0.4806
12,29,0.2464
12,30,0.1882
12,31,0.3612
12,32,0.5748
12,33,0.7021
12,34,0.6003
12,35,0.4425
12,36,0.2202
12,37,0.1206
12,38,0.2873
12,39,0.5064
12,40,0.6763
12,41,0.7240
12,42,0.6421
12,43,0.4802
12,44,0.3295
12,45,0.2156
12,46,0.1677
12,47,0.0850
12,48,0.0335
12,49,0.0444
12,50,0.0490
12,51,0.0490
12,52,0.0454
12,53,0.0455
12,54,0.0513
12,55,0.0552
12,56,0.0552
12,57,0.0552
12,58,0.0552
12,59,0.0552
12,60,0.0552
12,61,0.0552
12,62,0.0552
12,63,0.0552
12,64,0.0552
12,65,0.0552
12,66,0.0552
12,67,0.0552
12,68,0.0552
12,69,0.0552
13,18,0.4527
13,19,0.5652
13,20,0.5804
13,21,0.4708
13,22,0.3000
13,23,0.1446
13,24,0.2319
13,25,0.4344
13,26,0.6052
13,27,0.6170
13,28,0.4825
13,29,0.2484
13,30,0.1894
13,31,0.3624
13,32,0.5764
13,33,0.7038
13,34,0.6022
13,35,0.4444
13,36,0.2222
13,37,0.1219
13,38,0.2882
13,39,0.5079
13,40,0.6780
13,41,0.7259
13,42,0.6440
13,43,0.4822
13,44,0.3315
13,45,0.2177
13,46,0.1697
13,47,0.0871
13,48,0.0349
13,49,0.0441
13,50,0.0487
13,51,0.0487
13,52,0.0442
13,53,0.0448
13,54,0.0508
13,55,0.0546
13,56,0.0546
13,57,0.0546
13,58,0.0546
13,59,0.0546
13,60,0.0546
13,61,0.0546
13,62,0.0546
13,63,0.0546
13,64,0.0546
13,65,0.0546
13,66,0.0546
13,67,0.0546
13,68,0.0546
13,69,0.0546
14,19,0.5652
14,20,0.5804
14,21,0.4708
14,22,0.3000
14,23,0.1446
14,24,0.2319
14,25,0.4344
14,26,0.6052
14,27,0.6170
14,28,0.4825
14,29,0.2484
14,30,0.1894
14,31,0.3624
14,32,0.5764
14,33,0.7038
14,34,0.6022
14,35,0.4444
14,36,0.2222
14,37,0.1219
14,38,0.2882
14,39,0.5079
14,40,0.6780
14,41,0.7259
14,42,0.6440
14,43,0.4822
14,44,0.3315
14,45,0.2177
14,46,0.1697
14,47,0.0871
14,48,0.0349
14,49,0.0441
14,50,0.0487
14,51,0.0487
14,52,0.0442
14,53,0.0448
14,54,0.0508
14,55,0.0546
14,56,0.0546
14,57,0.0546
14,58,0.0546
14,59,0.0546
14,60,0.0546
14,61,0.0546
14,62,0.0546
14,63,0.0546
14,64,0.0546
14,65,0.0546
14,66,0.0546
14,67,0.0546
14,68,0.0546
14,69,0.0546
15,20,0.5733
15,21,0.4644
15,22,0.2944
15,23,0.1360
15,24,0.2210
15,25,0.4252
15,26,0.5970
15,27,0.6103
15,28,0.4774
15,29,0.2450
15,30,0.1792
15,31,0.3525
15,32,0.5679
15,33,0.6966
15,34,0.5959
15,35,0.4394
15,36,0.2189
15,37,0.1123
15,38,0.2771
15,39,0.4989
15,40,0.6704
15,41,0.7198
15,42,0.6392
15,43,0.4782
15,44,0.3282
15,45,0.2157
15,46,0.1674
15,47,0.0879
15,48,0.0442
15,49,0.0564
15,50,0.0610
15,51,0.0610
15,52,0.0549
15,53,0.0567
15,54,0.0629
15,55,0.0667
15,56,0.0667
15,57,0.0667
15,58,0.0667
15,59,0.0667
15,60,0.0667
15,61,0.0667
15,62,0.0667
15,63,0.0667
15,64,0.0667
15,65,0.0667
15,66,0.0667
15,67,0.0667
15,68,0.0667
15,69,0.0667
16,21,0.4168
16,22,0.2549
16,23,0.0865
16,24,0.1491
16,25,0.3612
16,26,0.5378
16,27,0.5596
16,28,0.4375
16,29,0.2222
16,30,0.1127
16,31,0.2852
16,32,0.5073
16,33,0.6426
16,34,0.5477
16,35,0.4006
16,36,0.1981
16,37,0.0587
16,38,0.2038
16,39,0.4354
16,40,0.6143
16,41,0.6722
16,42,0.5998
16,43,0.4446
16,44,0.3022
16,45,0.2036
16,46,0.1574
16,47,0.1128
16,48,0.1116
16,49,0.1329
16,50,0.1375
16,51,0.1375
16,52,0.1306
16,53,0.1334
16,54,0.1396
16,55,0.1435
16,56,0.1435
16,57,0.1435
16,58,0.1435
16,59,0.1435
16,60,0.1435
16,61,0.1435
16,62,0.1435
16,63,0.1435
16,64,0.1435
16,65,0.1435
16,66,0.1435
16,67,0.1435
16,68,0.1435
16,69,0.1435
17,22,0.1478
17,23,0.1251
17,24,0.0395
17,25,0.1786
17,26,0.3584
17,27,0.3919
17,28,0.2967
17,29,0.1772
17,30,0.0739
17,31,0.1009
17,32,0.3266
17,33,0.4686
17,34,0.3846
17,35,0.2656
17,36,0.1724
17,37,0.1422
17,38,0.0421
17,39,0.2527
17,40,0.4380
17,41,0.5076
17,42,0.4516
17,43,0.3177
17,44,0.2179
17,45,0.1951
17,46,0.1849
17,47,0.2285
17,48,0.2718
17,49,0.3034
17,50,0.3079
17,51,0.3079
17,52,0.3075
17,53,0.3068
17,54,0.3113
17,55,0.3155
17,56,0.3155
17,57,0.3155
17,58,0.3155
17,59,0.3155
17,60,0.3155
17,61,0.3155
17,62,0.3155
17,63,0.3155
17,64,0.3155
17,65,0.3155
17,66,0.3155
17,67,0.3155
17,68,0.3155
17,69,0.3155
18,23,0.3082
18,24,0.2450
18,25,0.0401
18,26,0.1538
18,27,0.1923
18,28,0.1592
18,29,0.2575
18,30,0.2715
18,31,0.1135
18,32,0.1238
18,33,0.2635
18,34,0.1911
18,35,0.1534
18,36,0.2744
18,37,0.3327
18,38,0.2084
18,39,0.0619
18,40,0.2324
18,41,0.3084
18,42,0.2744
18,43,0.1995
18,44,0.2214
18,45,0.2960
18,46,0.3193
18,47,0.3947
18,48,0.4521
18,49,0.4873
18,50,0.4914
18,51,0.4914
18,52,0.4959
18,53,0.4924
18,54,0.4955
18,55,0.4996
18,56,0.4996
18,57,0.4996
18,58,0.4996
18,59,0.4996
18,60,0.4996
18,61,0.4996
18,62,0.4996
18,63,0.4996
18,64,0.4996
18,65,0.4996
18,66,0.4996
18,67,0.4996
18,68,0.4996
18,69,0.4996
19,24,0.3697
19,25,0.1629
19,26,0.0607
19,27,0.0676
19,28,0.1415
19,29,0.3435
19,30,0.3920
19,31,0.2403
19,32,0.0630
19,33,0.1396
19,34,0.0754
19,35,0.1659
19,36,0.3655
19,37,0.4488
19,38,0.3351
19,39,0.1093
19,40,0.1131
19,41,0.1822
19,42,0.1701
19,43,0.1811
19,44,0.2821
19,45,0.3834
19,46,0.4165
19,47,0.4988
19,48,0.5603
19,49,0.5964
19,50,0.6002
19,51,0.6002
19,52,0.6071
19,53,0.6023
19,54,0.6045
19,55,0.6085
19,56,0.6085
19,57,0.6085
19,58,0.6085
19,59,0.6085
19,60,0.6085
19,61,0.6085
19,62,0.6085
19,63,0.6085
19,64,0.6085
19,65,0.6085
19,66,0.6085
19,67,0.6085
19,68,0.6085
19,69,0.6085
20,25,0.1868
20,26,0.0721
20,27,0.0429
20,28,0.1380
20,29,0.3534
20,30,0.4105
20,31,0.2630
20,32,0.0838
20,33,0.1236
20,34,0.0501
20,35,0.1670
20,36,0.3763
20,37,0.4655
20,38,0.3573
20,39,0.1351
20,40,0.1023
20,41,0.1588
20,42,0.1454
20,43,0.1745
20,44,0.2878
20,45,0.3931
20,46,0.4282
20,47,0.5118
20,48,0.5743
20,49,0.6105
20,50,0.6142
20,51,0.6142
20,52,0.6218
20,53,0.6166
20,54,0.6186
20,55,0.6226
20,56,0.6226
20,57,0.6226
20,58,0.6226
20,59,0.6226
20,60,0.6226
20,61,0.6226
20,62,0.6226
20,63,0.6226
20,64,0.6226
20,65,0.6226
20,66,0.6226
20,67,0.6226
20,68,0.6226
20,69,0.6226
21,26,0.1655
21,27,0.1471
21,28,0.0571
21,29,0.2386
21,30,0.3108
21,31,0.1929
21,32,0.1525
21,33,0.2373
21,34,0.1315
21,35,0.0627
21,36,0.2618
21,37,0.3599
21,38,0.2774
21,39,0.1400
21,40,0.2173
21,41,0.2558
21,42,0.1913
21,43,0.0990
21,44,0.1738
21,45,0.2782
21,46,0.3144
21,47,0.3991
21,48,0.4626
21,49,0.4989
21,50,0.5024
21,51,0.5024
21,52,0.5112
21,53,0.5053
21,54,0.5069
21,55,0.5108
21,56,0.5108
21,57,0.5108
21,58,0.5108
21,59,0.5108
21,60,0.5108
21,61,0.5108
21,62,0.5108
21,63,0.5108
21,64,0.5108
21,65,0.5108
21,66,0.5108
21,67,0.5108
21,68,0.5108
21,69,0.5108
22,27,0.3195
22,28,0.1836
22,29,0.0730
22,30,0.1633
22,31,0.1606
22,32,0.2991
22,33,0.4090
22,34,0.3031
22,35,0.1461
22,36,0.0921
22,37,0.1962
22,38,0.1850
22,39,0.2465
22,40,0.3866
22,41,0.4262
22,42,0.3460
22,43,0.1902
22,44,0.0705
22,45,0.1121
22,46,0.1426
22,47,0.2267
22,48,0.2903
22,49,0.3267
22,50,0.3302
22,51,0.3302
22,52,0.3395
22,53,0.3332
22,54,0.3347
22,55,0.3386
22,56,0.3386
22,57,0.3386
22,58,0.3386
22,59,0.3386
22,60,0.3386
22,61,0.3386
22,62,0.3386
22,63,0.3386
22,64,0.3386
22,65,0.3386
22,66,0.3386
22,67,0.3386
22,68,0.3386
22,69,0.3386
23,28,0.3514
23,29,0.1402
23,30,0.0554
23,31,0.2202
23,32,0.4320
23,33,0.5619
23,34,0.4639
23,35,0.3143
23,36,0.1184
23,37,0.0278
23,38,0.1582
23,39,0.3634
23,40,0.5350
23,41,0.5883
23,42,0.5137
23,43,0.3581
23,44,0.2174
23,45,0.1295
23,46,0.0918
23,47,0.1045
23,48,0.1480
23,49,0.1813
23,50,0.1857
23,51,0.1857
23,52,0.1882
23,53,0.1856
23,54,0.1894
23,55,0.1936
23,56,0.1936
23,57,0.1936
23,58,0.1936
23,59,0.1936
23,60,0.1936
23,61,0.1936
23,62,0.1936
23,63,0.1936
23,64,0.1936
23,65,0.1936
23,66,0.1936
23,67,0.1936
23,68,0.1936
23,69,0.1936
24,29,0.1881
24,30,0.0476
24,31,0.1384
24,32,0.3656
24,33,0.5082
24,34,0.4236
24,35,0.3002
24,36,0.1779
24,37,0.1141
24,38,0.0567
24,39,0.2912
24,40,0.4774
24,41,0.5468
24,42,0.4892
24,43,0.3514
24,44,0.2407
24,45,0.1983
24,46,0.1785
24,47,0.2074
24,48,0.2438
24,49,0.2736
24,50,0.2781
24,51,0.2781
24,52,0.2759
24,53,0.2762
24,54,0.2812
24,55,0.2853
24,56,0.2853
24,57,0.2853
24,58,0.2853
24,59,0.2853
24,60,0.2853
24,61,0.2853
24,62,0.2853
24,63,0.2853
24,64,0.2853
24,65,0.2853
24,66,0.2853
24,67,0.2853
24,68,0.2853
24,69,0.2853
25,30,0.2485
25,31,0.0802
25,32,0.1486
25,33,0.2959
25,34,0.2300
25,35,0.1851
25,36,0.2719
25,37,0.3129
25,38,0.1755
25,39,0.0742
25,40,0.2631
25,41,0.3451
25,42,0.3145
25,43,0.2341
25,44,0.2348
25,45,0.2949
25,46,0.3124
25,47,0.3825
25,48,0.4367
25,49,0.4711
25,50,0.4753
25,51,0.4753
25,52,0.4782
25,53,0.4756
25,54,0.4792
25,55,0.4834
25,56,0.4834
25,57,0.4834
25,58,0.4834
25,59,0.4834
25,60,0.4834
25,61,0.4834
25,62,0.4834
25,63,0.4834
25,64,0.4834
25,65,0.4834
25,66,0.4834
25,67,0.4834
25,68,0.4834
25,69,0.4834
26,31,0.2615
26,32,0.0340
26,33,0.1195
26,34,0.1150
26,35,0.2253
26,36,0.4146
26,37,0.4861
26,38,0.3566
26,39,0.1109
26,40,0.0839
26,41,0.1852
26,42,0.2079
26,43,0.2418
26,44,0.3377
26,45,0.4338
26,46,0.4638
26,47,0.5435
26,48,0.6030
26,49,0.6387
26,50,0.6426
26,51,0.6426
26,52,0.6481
26,53,0.6441
26,54,0.6468
26,55,0.6509
26,56,0.6509
26,57,0.6509
26,58,0.6509
26,59,0.6509
26,60,0.6509
26,61,0.6509
26,62,0.6509
26,63,0.6509
26,64,0.6509
26,65,0.6509
26,66,0.6509
26,67,0.6509
26,68,0.6509
26,69,0.6509
27,32,0.1158
27,33,0.0924
27,34,0.0281
27,35,0.1905
27,36,0.4085
27,37,0.5038
27,38,0.3996
27,39,0.1761
27,40,0.0827
27,41,0.1162
27,42,0.1147
27,43,0.1862
27,44,0.3147
27,45,0.4241
27,46,0.4614
27,47,0.5462
27,48,0.6095
27,49,0.6458
27,50,0.6494
27,51,0.6494
27,52,0.6578
27,53,0.6522
27,54,0.6539
27,55,0.6578
27,56,0.6578
27,57,0.6578
27,58,0.6578
27,59,0.6578
27,60,0.6578
27,61,0.6578
27,62,0.6578
27,63,0.6578
27,64,0.6578
27,65,0.6578
27,66,0.6578
27,67,0.6578
27,68,0.6578
27,69,0.6578
28,33,0.2487
28,34,0.1330
28,35,0.0382
28,36,0.2642
28,37,0.3792
28,38,0.3190
28,39,0.1956
28,40,0.2365
28,41,0.2487
28,42,0.1624
28,43,0.0431
28,44,0.1620
28,45,0.2765
28,46,0.3182
28,47,0.4051
28,48,0.4703
28,49,0.5065
28,50,0.5097
28,51,0.5097
28,52,0.5206
28,53,0.5136
28,54,0.5144
28,55,0.5181
28,56,0.5181
28,57,0.5181
28,58,0.5181
28,59,0.5181
28,60,0.5181
28,61,0.5181
28,62,0.5181
28,63,0.5181
28,64,0.5181
28,65,0.5181
28,66,0.5181
28,67,0.5181
28,68,0.5181
28,69,0.5181
29,34,0.3661
29,35,0.2006
29,36,0.0262
29,37,0.1655
29,38,0.2190
29,39,0.3194
29,40,0.4552
29,41,0.4867
29,42,0.3979
29,43,0.2344
29,44,0.0831
29,45,0.0399
29,46,0.0799
29,47,0.1671
29,48,0.2328
29,49,0.2688
29,50,0.2718
29,51,0.2718
29,52,0.2839
29,53,0.2761
29,54,0.2764
29,55,0.2801
29,56,0.2801
29,57,0.2801
29,58,0.2801
29,59,0.2801
29,60,0.2801
29,61,0.2801
29,62,0.2801
29,63,0.2801
29,64,0.2801
29,65,0.2801
29,66,0.2801
29,67,0.2801
29,68,0.2801
29,69,0.2801
30,35,0.3028
30,36,0.1447
30,37,0.0685
30,38,0.1033
30,39,0.3227
30,40,0.5025
30,41,0.5644
30,42,0.4984
30,43,0.3511
30,44,0.2248
30,45,0.1623
30,46,0.1358
30,47,0.1598
30,48,0.1985
30,49,0.2296
30,50,0.2341
30,51,0.2341
30,52,0.2336
30,53,0.2328
30,54,0.2375
30,55,0.2416
30,56,0.2416
30,57,0.2416
30,58,0.2416
30,59,0.2416
30,60,0.2416
30,61,0.2416
30,62,0.2416
30,63,0.2416
30,64,0.2416
30,65,0.2416
30,66,0.2416
30,67,0.2416
30,68,0.2416
30,69,0.2416
31,36,0.2279
31,37,0.2406
31,38,0.0954
31,39,0.1532
31,40,0.3432
31,41,0.4217
31,42,0.3806
31,43,0.2730
31,44,0.2245
31,45,0.2520
31,46,0.2587
31,47,0.3188
31,48,0.3681
31,49,0.4012
31,50,0.4056
31,51,0.4056
31,52,0.4066
31,53,0.4050
31,54,0.4092
31,55,0.4134
31,56,0.4134
31,57,0.4134
31,58,0.4134
31,59,0.4134
31,60,0.4134
31,61,0.4134
31,62,0.4134
31,63,0.4134
31,64,0.4134
31,65,0.4134
31,66,0.4134
31,67,0.4134
31,68,0.4134
31,69,0.4134
32,37,0.4565
32,38,0.3236
32,39,0.0771
32,40,0.1179
32,41,0.2166
32,42,0.2279
32,43,0.2383
32,44,0.3200
32,45,0.4111
32,46,0.4388
32,47,0.5169
32,48,0.5753
32,49,0.6107
32,50,0.6148
32,51,0.6148
32,52,0.6196
32,53,0.6159
32,54,0.6189
32,55,0.6230
32,56,0.6230
32,57,0.6230
32,58,0.6230
32,59,0.6230
32,60,0.6230
32,61,0.6230
32,62,0.6230
32,63,0.6230
32,64,0.6230
32,65,0.6230
32,66,0.6230
32,67,0.6230
32,68,0.6230
32,69,0.6230
33,38,0.4710
33,39,0.2293
33,40,0.0370
33,41,0.0808
33,42,0.1626
33,43,0.2763
33,44,0.4070
33,45,0.5153
33,46,0.5514
33,47,0.6354
33,48,0.6979
33,49,0.7341
33,50,0.7378
33,51,0.7378
33,52,0.7454
33,53,0.7402
33,54,0.7422
33,55,0.7462
33,56,0.7462
33,57,0.7462
33,58,0.7462
33,59,0.7462
33,60,0.7462
33,61,0.7462
33,62,0.7462
33,63,0.7462
33,64,0.7462
33,65,0.7462
33,66,0.7462
33,67,0.7462
33,68,0.7462
33,69,0.7462
34,39,0.1840
34,40,0.1103
34,41,0.1245
34,42,0.0955
34,43,0.1601
34,44,0.2935
34,45,0.4050
34,46,0.4437
34,47,0.5294
34,48,0.5934
34,49,0.6297
34,50,0.6332
34,51,0.6332
34,52,0.6423
34,53,0.6363
34,54,0.6377
34,55,0.6416
34,56,0.6416
34,57,0.6416
34,58,0.6416
34,59,0.6416
34,60,0.6416
34,61,0.6416
34,62,0.6416
34,63,0.6416
34,64,0.6416
34,65,0.6416
34,66,0.6416
34,67,0.6416
34,68,0.6416
34,69,0.6416
35,40,0.2681
35,41,0.2864
35,42,0.2000
35,43,0.0537
35,44,0.1250
35,45,0.2385
35,46,0.2800
35,47,0.3668
35,48,0.4321
35,49,0.4683
35,50,0.4715
35,51,0.4715
35,52,0.4824
35,53,0.4754
35,54,0.4761
35,55,0.4799
35,56,0.4799
35,57,0.4799
35,58,0.4799
35,59,0.4799
35,60,0.4799
35,61,0.4799
35,62,0.4799
35,63,0.4799
35,64,0.4799
35,65,0.4799
35,66,0.4799
35,67,0.4799
35,68,0.4799
35,69,0.4799
36,41,0.5116
36,42,0.4238
36,43,0.2605
36,44,0.1093
36,45,0.0241
36,46,0.0540
36,47,0.1411
36,48,0.2068
36,49,0.2428
36,50,0.2459
36,51,0.2459
36,52,0.2578
36,53,0.2501
36,54,0.2505
36,55,0.2542
36,56,0.2542
36,57,0.2542
36,58,0.2542
36,59,0.2542
36,60,0.2542
36,61,0.2542
36,62,0.2542
36,63,0.2542
36,64,0.2542
36,65,0.2542
36,66,0.2542
36,67,0.2542
36,68,0.2542
36,69,0.2542
37,42,0.5415
37,43,0.3858
37,44,0.2442
37,45,0.1511
37,46,0.1087
37,47,0.0979
37,48,0.1300
37,49,0.1612
37,50,0.1657
37,51,0.1657
37,52,0.1660
37,53,0.1646
37,54,0.1691
37,55,0.1733
37,56,0.1733
37,57,0.1733
37,58,0.1733
37,59,0.1733
37,60,0.1733
37,61,0.1733
37,62,0.1733
37,63,0.1733
37,64,0.1733
37,65,0.1733
37,66,0.1733
37,67,0.1733
37,68,0.1733
37,69,0.1733
38,43,0.3440
38,44,0.2555
38,45,0.2372
38,46,0.2255
38,47,0.2627
38,48,0.3005
38,49,0.3301
38,50,0.3347
38,51,0.3347
38,52,0.3320
38,53,0.3326
38,54,0.3378
38,55,0.3419
38,56,0.3419
38,57,0.3419
38,58,0.3419
38,59,0.3419
38,60,0.3419
38,61,0.3419
38,62,0.3419
38,63,0.3419
38,64,0.3419
38,65,0.3419
38,66,0.3419
38,67,0.3419
38,68,0.3419
38,69,0.3419
39,44,0.2815
39,45,0.3577
39,46,0.3800
39,47,0.4535
39,48,0.5093
39,49,0.5440
39,50,0.5481
39,51,0.5481
39,52,0.5516
39,53,0.5487
39,54,0.5521
39,55,0.5562
39,56,0.5562
39,57,0.5562
39,58,0.5562
39,59,0.5562
39,60,0.5562
39,61,0.5562
39,62,0.5562
39,63,0.5562
39,64,0.5562
39,65,0.5562
39,66,0.5562
39,67,0.5562
39,68,0.5562
39,69,0.5562
40,45,0.4950
40,46,0.5292
40,47,0.6119
40,48,0.6734
40,49,0.7094
40,50,0.7132
40,51,0.7132
40,52,0.7201
40,53,0.7153
40,54,0.7176
40,55,0.7216
40,56,0.7216
40,57,0.7216
40,58,0.7216
40,59,0.7216
40,60,0.7216
40,61,0.7216
40,62,0.7216
40,63,0.7216
40,64,0.7216
40,65,0.7216
40,66,0.7216
40,67,0.7216
40,68,0.7216
40,69,0.7216
41,46,0.5654
41,47,0.6517
41,48,0.7162
41,49,0.7525
41,50,0.7559
41,51,0.7559
41,52,0.7656
41,53,0.7592
41,54,0.7605
41,55,0.7643
41,56,0.7643
41,57,0.7643
41,58,0.7643
41,59,0.7643
41,60,0.7643
41,61,0.7643
41,62,0.7643
41,63,0.7643
41,64,0.7643
41,65,0.7643
41,66,0.7643
41,67,0.7643
41,68,0.7643
41,69,0.7643
42,47,0.5649
42,48,0.6306
42,49,0.6666
42,50,0.6696
42,51,0.6696
42,52,0.6813
42,53,0.6739
42,54,0.6743
42,55,0.6779
42,56,0.6779
42,57,0.6779
42,58,0.6779
42,59,0.6779
42,60,0.6779
42,61,0.6779
42,62,0.6779
42,63,0.6779
42,64,0.6779
42,65,0.6779
42,66,0.6779
42,67,0.6779
42,68,0.6779
42,69,0.6779
43,48,0.4672
43,49,0.5030
43,50,0.5059
43,51,0.5059
43,52,0.5183
43,53,0.5104
43,54,0.5106
43,55,0.5141
43,56,0.5141
43,57,0.5141
43,58,0.5141
43,59,0.5141
43,60,0.5141
43,61,0.5141
43,62,0.5141
43,63,0.5141
43,64,0.5141
43,65,0.5141
43,66,0.5141
43,67,0.5141
43,68,0.5141
43,69,0.5141
44,49,0.3507
44,50,0.3535
44,51,0.3535
44,52,0.3664
44,53,0.3583
44,54,0.3582
44,55,0.3618
44,56,0.3618
44,57,0.3618
44,58,0.3618
44,59,0.3618
44,60,0.3618
44,61,0.3618
44,62,0.3618
44,63,0.3618
44,64,0.3618
44,65,0.3618
44,66,0.3618
44,67,0.3618
44,68,0.3618
44,69,0.3618
45,50,0.2370
45,51,0.2370
45,52,0.2506
45,53,0.2420
45,54,0.2417
45,55,0.2452
45,56,0.2452
45,57,0.2452
45,58,0.2452
45,59,0.2452
45,60,0.2452
45,61,0.2452
45,62,0.2452
45,63,0.2452
45,64,0.2452
45,65,0.2452
45,66,0.2452
45,67,0.2452
45,68,0.2452
45,69,0.2452
46,51,0.1919
46,52,0.2041
46,53,0.1962
46,54,0.1966
46,55,0.2002
46,56,0.2002
46,57,0.2002
46,58,0.2002
46,59,0.2002
46,60,0.2002
46,61,0.2002
46,62,0.2002
46,63,0.2002
46,64,0.2002
46,65,0.2002
46,66,0.2002
46,67,0.2002
46,68,0.2002
46,69,0.2002
47,52,0.1175
47,53,0.1091
47,54,0.1094
47,55,0.1131
47,56,0.1131
47,57,0.1131
47,58,0.1131
47,59,0.1131
47,60,0.1131
47,61,0.1131
47,62,0.1131
47,63,0.1131
47,64,0.1131
47,65,0.1131
47,66,0.1131
47,67,0.1131
47,68,0.1131
47,69,0.1131
48,53,0.0433
48,54,0.0443
48,55,0.0483
48,56,0.0483
48,57,0.0483
48,58,0.0483
48,59,0.0483
48,60,0.0483
48,61,0.0483
48,62,0.0483
48,63,0.0483
48,64,0.0483
48,65,0.0483
48,66,0.0483
48,67,0.0483
48,68,0.0483
48,69,0.0483
49,54,0.0082
49,55,0.0123
49,56,0.0123
49,57,0.0123
49,58,0.0123
49,59,0.0123
49,60,0.0123
49,61,0.0123
49,62,0.0123
49,63,0.0123
49,64,0.0123
49,65,0.0123
49,66,0.0123
49,67,0.0123
49,68,0.0123
49,69,0.0123
50,55,0.0084
50,56,0.0084
50,57,0.0084
50,58,0.0084
50,59,0.0084
50,60,0.0084
50,61,0.0084
50,62,0.0084
50,63,0.0084
50,64,0.0084
50,65,0.0084
50,66,0.0084
50,67,0.0084
50,68,0.0084
50,69,0.0084
51,56,0.0084
51,57,0.0084
51,58,0.0084
51,59,0.0084
51,60,0.0084
51,61,0.0084
51,62,0.0084
51,63,0.0084
51,64,0.0084
51,65,0.0084
51,66,0.0084
51,67,0.0084
51,68,0.0084
51,69,0.0084
52,57,0.0201
52,58,0.0201
52,59,0.0201
52,60,0.0201
52,61,0.0201
52,62,0.0201
52,63,0.0201
52,64,0.0201
52,65,0.0201
52,66,0.0201
52,67,0.0201
52,68,0.0201
52,69,0.0201
53,58,0.0104
53,59,0.0104
53,60,0.0104
53,61,0.0104
53,62,0.0104
53,63,0.0104
53,64,0.0104
53,65,0.0104
53,66,0.0104
53,67,0.0104
53,68,0.0104
53,69,0.0104
54,59,0.0042
54,60,0.0042
54,61,0.0042
54,62,0.0042
54,63,0.0042
54,64,0.0042
54,65,0.0042
54,66,0.0042
54,67,0.0042
54,68,0.0042
54,69,0.0042
55,60,0.0000
55,61,0.0000
55,62,0.0000
55,63,0.0000
55,64,0.0000
55,65,0.0000
55,66,0.0000
55,67,0.0000
55,68,0.0000
55,69,0.0000
56,61,0.0000
56,62,0.0000
56,63,0.0000
56,64,0.0000
56,65,0.0000
56,66,0.0000
56,67,0.0000
56,68,0.0000
56,69,0.0000
57,62,0.0000
57,63,0.0000
57,64,0.0000
57,65,0.0000
57,66,0.0000
57,67,0.0000
57,68,0.0000
57,69,0.0000
58,63,0.0000
58,64,0.0000
58,65,0.0000
58,66,0.0000
58,67,0.0000
58,68,0.0000
58,69,0.0000
59,64,0.0000
59,65,0.0000
59,66,0.0000
59,67,0.0000
59,68,0.0000
59,69,0.0000
60,65,0.0000
60,66,0.0000
60,67,0.0000
60,68,0.0000
60,69,0.0000
61,66,0.0000
61,67,0.0000
61,68,0.0000
61,69,0.0000
62,67,0.0000
62,68,0.0000
62,69,0.0000
63,68,0.0000
63,69,0.0000
64,69,0.0000
